<?xml version="1.0" encoding="UTF-8"?>
<!-- Generated by org.testng.reporters.JUnitXMLReporter -->
<testsuite ignored="0" hostname="DESKTOP-3DCDJ18" failures="0" tests="6" name="Default test" time="32.0" errors="0" timestamp="2023-05-04T17:49:03 EET">
  <testcase classname="TestCases" name="LogIn" time="0.775"/>
  <testcase classname="TestCases" name="AddItems" time="7.115"/>
  <testcase classname="TestCases" name="RemoveItems" time="4.549"/>
  <testcase classname="TestCases" name="CheckOut" time="12.194"/>
  <testcase classname="TestCases" name="SortFromZtoA" time="2.944"/>
  <testcase classname="TestCases" name="LogOut" time="2.373"/>
</testsuite> <!-- Default test -->
