<?xml version="1.0" encoding="UTF-8"?>
<!-- Generated by org.testng.reporters.JUnitXMLReporter -->
<testsuite ignored="0" hostname="DESKTOP-3DCDJ18" failures="0" tests="6" name="Default test" time="28.073" errors="0" timestamp="2023-04-21T06:58:24 EET">
  <testcase classname="TestCases" name="LogIn" time="0.585"/>
  <testcase classname="TestCases" name="AddItems" time="4.519"/>
  <testcase classname="TestCases" name="RemoveItems" time="4.709"/>
  <testcase classname="TestCases" name="CheckOut" time="11.94"/>
  <testcase classname="TestCases" name="SortFromZtoA" time="2.491"/>
  <testcase classname="TestCases" name="LogOut" time="2.398"/>
</testsuite> <!-- Default test -->
